<?xml version="1.0" encoding="UTF-8"?>
<!-- Generated by org.testng.reporters.JUnitXMLReporter -->
<testsuite ignored="0" hostname="WIN-6ET41NIRQ95" failures="0" tests="5" name="Default test" time="1247.788" errors="0" timestamp="2025-02-26T04:11:52 PST">
  <testcase classname="com.kavi.FAQPT.TestCase" name="OpenApp" time="6.608"/>
  <testcase classname="com.kavi.FAQPT.TestCase" name="OpenAVA" time="2.777"/>
  <testcase classname="com.kavi.FAQPT.TestCase" name="SayHi" time="20.196"/>
  <testcase classname="com.kavi.FAQPT.TestCase" name="InputFAQ" time="1204.016"/>
  <testcase classname="com.kavi.FAQPT.TestCase" name="TearDown" time="14.063"/>
</testsuite> <!-- Default test -->
