<?xml version="1.0" encoding="UTF-8"?>
<testng-results ignored="0" total="3" passed="2" failed="1" skipped="0">
  <reporter-output>
  </reporter-output>
  <suite started-at="2025-02-26T04:44:36 PST" name="Suite" finished-at="2025-02-26T05:04:49 PST" duration-ms="1213727">
    <groups>
    </groups>
    <test started-at="2025-02-26T04:44:36 PST" name="PerformanceTest" finished-at="2025-02-26T05:04:49 PST" duration-ms="1213727">
      <class name="com.kavi.FAQPT.TestCase1">
        <test-method is-config="true" signature="setUp()[pri:0, instance:com.kavi.FAQPT.TestCase1@5d0a1059]" started-at="2025-02-26T04:44:36 PST" name="setUp" finished-at="2025-02-26T04:44:42 PST" duration-ms="6064" status="PASS">
          <reporter-output>
          </reporter-output>
        </test-method> <!-- setUp -->
        <test-method signature="SayHi()[pri:2, instance:com.kavi.FAQPT.TestCase1@5d0a1059]" started-at="2025-02-26T04:44:42 PST" name="SayHi" finished-at="2025-02-26T04:44:52 PST" duration-ms="10186" status="FAIL">
          <exception class="org.openqa.selenium.ElementNotInteractableException">
            <message>
              <![CDATA[element not interactable
  (Session info: chrome=109.0.5414.168)
Build info: version: '4.29.0', revision: '5fc1ec94cb'
System info: os.name: 'Windows Server 2012 R2', os.arch: 'amd64', os.version: '6.3', java.version: '19'
Driver info: org.openqa.selenium.chrome.ChromeDriver
Command: [7a3fc4ca60086c55295f3c090937793f, sendKeysToElement {value=[Ljava.lang.CharSequence;@244b8f2a, id=fb11f960-50c1-48d7-9e31-5eac32f05adc}]
Capabilities {acceptInsecureCerts: false, browserName: chrome, browserVersion: 109.0.5414.168, chrome: {chromedriverVersion: 109.0.5414.74 (e7c5703604da..., userDataDir: C:\Users\omfys2\AppData\Loc...}, goog:chromeOptions: {debuggerAddress: localhost:41738}, networkConnectionEnabled: false, pageLoadStrategy: normal, platformName: windows, proxy: Proxy(), se:cdp: ws://localhost:41738/devtoo..., se:cdpVersion: 109.0.5414.168, setWindowRect: true, strictFileInteractability: false, timeouts: {implicit: 0, pageLoad: 300000, script: 30000}, unhandledPromptBehavior: dismiss and notify, webauthn:extension:credBlob: true, webauthn:extension:largeBlob: true, webauthn:virtualAuthenticators: true}
Element: [[ChromeDriver: chrome on windows (7a3fc4ca60086c55295f3c090937793f)] -> xpath: //textarea[@placeholder='Write your message here']]
Session ID: 7a3fc4ca60086c55295f3c090937793f]]>
            </message>
            <full-stacktrace>
              <![CDATA[org.openqa.selenium.ElementNotInteractableException: element not interactable
  (Session info: chrome=109.0.5414.168)
Build info: version: '4.29.0', revision: '5fc1ec94cb'
System info: os.name: 'Windows Server 2012 R2', os.arch: 'amd64', os.version: '6.3', java.version: '19'
Driver info: org.openqa.selenium.chrome.ChromeDriver
Command: [7a3fc4ca60086c55295f3c090937793f, sendKeysToElement {value=[Ljava.lang.CharSequence;@244b8f2a, id=fb11f960-50c1-48d7-9e31-5eac32f05adc}]
Capabilities {acceptInsecureCerts: false, browserName: chrome, browserVersion: 109.0.5414.168, chrome: {chromedriverVersion: 109.0.5414.74 (e7c5703604da..., userDataDir: C:\Users\omfys2\AppData\Loc...}, goog:chromeOptions: {debuggerAddress: localhost:41738}, networkConnectionEnabled: false, pageLoadStrategy: normal, platformName: windows, proxy: Proxy(), se:cdp: ws://localhost:41738/devtoo..., se:cdpVersion: 109.0.5414.168, setWindowRect: true, strictFileInteractability: false, timeouts: {implicit: 0, pageLoad: 300000, script: 30000}, unhandledPromptBehavior: dismiss and notify, webauthn:extension:credBlob: true, webauthn:extension:largeBlob: true, webauthn:virtualAuthenticators: true}
Element: [[ChromeDriver: chrome on windows (7a3fc4ca60086c55295f3c090937793f)] -> xpath: //textarea[@placeholder='Write your message here']]
Session ID: 7a3fc4ca60086c55295f3c090937793f
at java.base/jdk.internal.reflect.DirectConstructorHandleAccessor.newInstance(DirectConstructorHandleAccessor.java:67)
at java.base/java.lang.reflect.Constructor.newInstanceWithCaller(Constructor.java:500)
at java.base/java.lang.reflect.Constructor.newInstance(Constructor.java:484)
at org.openqa.selenium.remote.ErrorCodec.decode(ErrorCodec.java:167)
at org.openqa.selenium.remote.codec.w3c.W3CHttpResponseCodec.decode(W3CHttpResponseCodec.java:138)
at org.openqa.selenium.remote.codec.w3c.W3CHttpResponseCodec.decode(W3CHttpResponseCodec.java:50)
at org.openqa.selenium.remote.HttpCommandExecutor.execute(HttpCommandExecutor.java:215)
at org.openqa.selenium.remote.service.DriverCommandExecutor.invokeExecute(DriverCommandExecutor.java:216)
at org.openqa.selenium.remote.service.DriverCommandExecutor.execute(DriverCommandExecutor.java:174)
at org.openqa.selenium.remote.RemoteWebDriver.execute(RemoteWebDriver.java:545)
at org.openqa.selenium.remote.RemoteWebElement.execute(RemoteWebElement.java:223)
at org.openqa.selenium.remote.RemoteWebElement.sendKeys(RemoteWebElement.java:110)
at com.kavi.FAQPT.TestCase1.SayHi(TestCase1.java:35)
at java.base/jdk.internal.reflect.DirectMethodHandleAccessor.invoke(DirectMethodHandleAccessor.java:104)
at java.base/java.lang.reflect.Method.invoke(Method.java:578)
at org.testng.internal.MethodInvocationHelper.invokeMethod(MethodInvocationHelper.java:133)
at org.testng.internal.TestInvoker.invokeMethod(TestInvoker.java:598)
at org.testng.internal.TestInvoker.invokeTestMethod(TestInvoker.java:173)
at org.testng.internal.MethodRunner.runInSequence(MethodRunner.java:46)
at org.testng.internal.TestInvoker$MethodInvocationAgent.invoke(TestInvoker.java:824)
at org.testng.internal.TestInvoker.invokeTestMethods(TestInvoker.java:146)
at org.testng.internal.TestMethodWorker.invokeTestMethods(TestMethodWorker.java:146)
at org.testng.internal.TestMethodWorker.run(TestMethodWorker.java:128)
at java.base/java.util.concurrent.ThreadPoolExecutor.runWorker(ThreadPoolExecutor.java:1144)
at java.base/java.util.concurrent.ThreadPoolExecutor$Worker.run(ThreadPoolExecutor.java:642)
at java.base/java.lang.Thread.run(Thread.java:1589)
]]>
            </full-stacktrace>
          </exception> <!-- org.openqa.selenium.ElementNotInteractableException -->
          <reporter-output>
          </reporter-output>
        </test-method> <!-- SayHi -->
        <test-method signature="InputFAQ()[pri:3, instance:com.kavi.FAQPT.TestCase1@5d0a1059]" started-at="2025-02-26T04:44:42 PST" name="InputFAQ" finished-at="2025-02-26T05:04:49 PST" duration-ms="1206927" status="PASS">
          <reporter-output>
          </reporter-output>
        </test-method> <!-- InputFAQ -->
        <test-method signature="OpenAVA()[pri:1, instance:com.kavi.FAQPT.TestCase1@5d0a1059]" started-at="2025-02-26T04:44:42 PST" name="OpenAVA" finished-at="2025-02-26T04:44:55 PST" duration-ms="13186" status="PASS">
          <reporter-output>
          </reporter-output>
        </test-method> <!-- OpenAVA -->
        <test-method is-config="true" signature="tearDown()[pri:0, instance:com.kavi.FAQPT.TestCase1@5d0a1059]" started-at="2025-02-26T05:04:49 PST" name="tearDown" finished-at="2025-02-26T05:04:49 PST" duration-ms="681" status="PASS">
          <reporter-output>
          </reporter-output>
        </test-method> <!-- tearDown -->
      </class> <!-- com.kavi.FAQPT.TestCase1 -->
    </test> <!-- PerformanceTest -->
  </suite> <!-- Suite -->
</testng-results>
